Arguments: 
  C:\Program Files\nodejs\node.exe C:\Users\YAYUÑE\AppData\Roaming\npm\node_modules\yarn\bin\yarn.js add @react-navigation/bottom-tabs.

PATH: 
  C:\Users\YAYUÑE\bin;C:\Program Files\Git\mingw64\bin;C:\Program Files\Git\usr\local\bin;C:\Program Files\Git\usr\bin;C:\Program Files\Git\usr\bin;C:\Program Files\Git\mingw64\bin;C:\Program Files\Git\usr\bin;C:\Users\YAYUÑE\bin;C:\Windows\system32;C:\Windows;C:\Windows\System32\Wbem;C:\Windows\System32\WindowsPowerShell\v1.0;C:\Windows\System32\OpenSSH;C:\Program Files\nodejs;C:\Program Files\Git\cmd;C:\Users\YAYUÑE\AppData\Local\Microsoft\WindowsApps;C:\Users\YAYUÑE\Documents\Curso Programação\Microsoft VS Code\bin;C:\Users\YAYUÑE\AppData\Roaming\npm;C:\Program Files\Git\usr\bin\vendor_perl;C:\Program Files\Git\usr\bin\core_perl

Yarn version: 
  1.22.19

Node version: 
  16.15.1

Platform: 
  win32 x64

Trace: 
  Error: https://registry.yarnpkg.com/@react-navigation%2fbottom-tabs.: Not found
      at Request.params.callback [as _callback] (C:\Users\YAYUÑE\AppData\Roaming\npm\node_modules\yarn\lib\cli.js:66145:18)
      at Request.self.callback (C:\Users\YAYUÑE\AppData\Roaming\npm\node_modules\yarn\lib\cli.js:140890:22)
      at Request.emit (node:events:527:28)
      at Request.<anonymous> (C:\Users\YAYUÑE\AppData\Roaming\npm\node_modules\yarn\lib\cli.js:141862:10)
      at Request.emit (node:events:527:28)
      at IncomingMessage.<anonymous> (C:\Users\YAYUÑE\AppData\Roaming\npm\node_modules\yarn\lib\cli.js:141784:12)
      at Object.onceWrapper (node:events:641:28)
      at IncomingMessage.emit (node:events:539:35)
      at endReadableNT (node:internal/streams/readable:1345:12)
      at processTicksAndRejections (node:internal/process/task_queues:83:21)

npm manifest: 
  {
    "main": "node_modules/expo/AppEntry.js",
    "scripts": {
      "start": "expo start",
      "android": "expo start --android",
      "ios": "expo start --ios",
      "web": "expo start --web"
    },
    "dependencies": {
      "expo": "~46.0.9",
      "expo-status-bar": "~1.4.0",
      "react": "18.0.0",
      "react-native": "0.69.5",
      "react-native-paper": "4.9.2",
      "@expo/vector-icons": "^13.0.0",
      "expo-constants": "~13.2.4"
    },
    "devDependencies": {
      "@babel/core": "^7.12.9"
    },
    "private": true
  }

yarn manifest: 
  No manifest

Lockfile: 
  No lockfile
